Determining if the pthread_create exist failed with the following output:
Change Dir: /home/puneet/foxconnmultiagent/catkin_ws/build/CMakeFiles/CMakeTmp

Run Build Command:/usr/bin/make "cmTryCompileExec997267833/fast"
/usr/bin/make -f CMakeFiles/cmTryCompileExec997267833.dir/build.make CMakeFiles/cmTryCompileExec997267833.dir/build
make[1]: Entering directory `/home/puneet/foxconnmultiagent/catkin_ws/build/CMakeFiles/CMakeTmp'
/usr/bin/cmake -E cmake_progress_report /home/puneet/foxconnmultiagent/catkin_ws/build/CMakeFiles/CMakeTmp/CMakeFiles 1
Building C object CMakeFiles/cmTryCompileExec997267833.dir/CheckSymbolExists.c.o
/usr/bin/cc    -o CMakeFiles/cmTryCompileExec997267833.dir/CheckSymbolExists.c.o   -c /home/puneet/foxconnmultiagent/catkin_ws/build/CMakeFiles/CMakeTmp/CheckSymbolExists.c
Linking C executable cmTryCompileExec997267833
/usr/bin/cmake -E cmake_link_script CMakeFiles/cmTryCompileExec997267833.dir/link.txt --verbose=1
/usr/bin/cc       CMakeFiles/cmTryCompileExec997267833.dir/CheckSymbolExists.c.o  -o cmTryCompileExec997267833 -rdynamic 
CMakeFiles/cmTryCompileExec997267833.dir/CheckSymbolExists.c.o: In function `main':
CheckSymbolExists.c:(.text+0x16): undefined reference to `pthread_create'
collect2: error: ld returned 1 exit status
make[1]: *** [cmTryCompileExec997267833] Error 1
make[1]: Leaving directory `/home/puneet/foxconnmultiagent/catkin_ws/build/CMakeFiles/CMakeTmp'
make: *** [cmTryCompileExec997267833/fast] Error 2

File /home/puneet/foxconnmultiagent/catkin_ws/build/CMakeFiles/CMakeTmp/CheckSymbolExists.c:
/* */
#include <pthread.h>

int main(int argc, char** argv)
{
  (void)argv;
#ifndef pthread_create
  return ((int*)(&pthread_create))[argc];
#else
  (void)argc;
  return 0;
#endif
}

Determining if the function pthread_create exists in the pthreads failed with the following output:
Change Dir: /home/puneet/foxconnmultiagent/catkin_ws/build/CMakeFiles/CMakeTmp

Run Build Command:/usr/bin/make "cmTryCompileExec4083296336/fast"
/usr/bin/make -f CMakeFiles/cmTryCompileExec4083296336.dir/build.make CMakeFiles/cmTryCompileExec4083296336.dir/build
make[1]: Entering directory `/home/puneet/foxconnmultiagent/catkin_ws/build/CMakeFiles/CMakeTmp'
/usr/bin/cmake -E cmake_progress_report /home/puneet/foxconnmultiagent/catkin_ws/build/CMakeFiles/CMakeTmp/CMakeFiles 1
Building C object CMakeFiles/cmTryCompileExec4083296336.dir/CheckFunctionExists.c.o
/usr/bin/cc   -DCHECK_FUNCTION_EXISTS=pthread_create   -o CMakeFiles/cmTryCompileExec4083296336.dir/CheckFunctionExists.c.o   -c /usr/share/cmake-2.8/Modules/CheckFunctionExists.c
Linking C executable cmTryCompileExec4083296336
/usr/bin/cmake -E cmake_link_script CMakeFiles/cmTryCompileExec4083296336.dir/link.txt --verbose=1
/usr/bin/cc   -DCHECK_FUNCTION_EXISTS=pthread_create    CMakeFiles/cmTryCompileExec4083296336.dir/CheckFunctionExists.c.o  -o cmTryCompileExec4083296336 -rdynamic -lpthreads 
/usr/bin/ld: cannot find -lpthreads
collect2: error: ld returned 1 exit status
make[1]: *** [cmTryCompileExec4083296336] Error 1
make[1]: Leaving directory `/home/puneet/foxconnmultiagent/catkin_ws/build/CMakeFiles/CMakeTmp'
make: *** [cmTryCompileExec4083296336/fast] Error 2


